<?xml version="1.0" encoding="UTF-8"?>
<!-- Generated by org.testng.reporters.JUnitReportReporter -->
<testsuite hostname="macwan-PC" name="com.apex.rediffmail.forgotPAssword.test.LoginPageForgotPassTest" tests="1" failures="0" timestamp="2 Jun 2017 03:19:28 GMT" time="69.191" errors="0">
  <testcase name="forgotPassTest" time="69.191" classname="com.apex.rediffmail.forgotPAssword.test.LoginPageForgotPassTest"/>
</testsuite> <!-- com.apex.rediffmail.forgotPAssword.test.LoginPageForgotPassTest -->
